mode: set
github.com/BKrajancic/boby/m/v2/src/bot/bot.go:26.52,28.2 1 1
github.com/BKrajancic/boby/m/v2/src/bot/bot.go:31.48,33.2 1 1
github.com/BKrajancic/boby/m/v2/src/bot/bot.go:36.47,38.2 1 1
github.com/BKrajancic/boby/m/v2/src/bot/bot.go:43.67,48.22 2 1
github.com/BKrajancic/boby/m/v2/src/bot/bot.go:52.2,53.16 2 1
github.com/BKrajancic/boby/m/v2/src/bot/bot.go:57.2,57.24 1 1
github.com/BKrajancic/boby/m/v2/src/bot/bot.go:48.22,50.3 1 1
github.com/BKrajancic/boby/m/v2/src/bot/bot.go:53.16,55.3 1 1
github.com/BKrajancic/boby/m/v2/src/bot/bot.go:61.47,63.2 1 1
github.com/BKrajancic/boby/m/v2/src/bot/bot.go:67.36,69.2 1 1
github.com/BKrajancic/boby/m/v2/src/bot/bot.go:74.93,76.35 2 1
github.com/BKrajancic/boby/m/v2/src/bot/bot.go:76.35,78.38 2 1
github.com/BKrajancic/boby/m/v2/src/bot/bot.go:84.3,90.6 1 1
github.com/BKrajancic/boby/m/v2/src/bot/bot.go:78.38,83.4 1 1
github.com/BKrajancic/boby/m/v2/src/bot/bot.go:91.8,92.38 1 1
github.com/BKrajancic/boby/m/v2/src/bot/bot.go:92.38,94.39 2 1
github.com/BKrajancic/boby/m/v2/src/bot/bot.go:94.39,97.78 3 1
github.com/BKrajancic/boby/m/v2/src/bot/bot.go:102.5,102.75 1 1
github.com/BKrajancic/boby/m/v2/src/bot/bot.go:97.78,98.24 1 1
github.com/BKrajancic/boby/m/v2/src/bot/bot.go:98.24,100.7 1 1
github.com/BKrajancic/boby/m/v2/src/bot/bot.go:110.81,111.39 1 1
github.com/BKrajancic/boby/m/v2/src/bot/bot.go:111.39,112.46 1 1
github.com/BKrajancic/boby/m/v2/src/bot/bot.go:112.46,114.4 1 1
github.com/BKrajancic/boby/m/v2/src/command/command.go:23.183,25.37 2 0
github.com/BKrajancic/boby/m/v2/src/command/command.go:25.37,28.70 3 0
github.com/BKrajancic/boby/m/v2/src/command/command.go:33.3,33.56 1 0
github.com/BKrajancic/boby/m/v2/src/command/command.go:28.70,29.22 1 0
github.com/BKrajancic/boby/m/v2/src/command/command.go:29.22,31.5 1 0
github.com/BKrajancic/boby/m/v2/src/command/json_sender.go:45.58,46.21 1 1
github.com/BKrajancic/boby/m/v2/src/command/json_sender.go:50.2,50.11 1 1
github.com/BKrajancic/boby/m/v2/src/command/json_sender.go:46.21,49.3 2 1
github.com/BKrajancic/boby/m/v2/src/command/json_sender.go:63.92,65.39 2 1
github.com/BKrajancic/boby/m/v2/src/command/json_sender.go:71.2,71.17 1 1
github.com/BKrajancic/boby/m/v2/src/command/json_sender.go:65.39,67.9 2 1
github.com/BKrajancic/boby/m/v2/src/command/json_sender.go:67.9,69.4 1 1
github.com/BKrajancic/boby/m/v2/src/command/json_sender.go:84.75,85.156 1 1
github.com/BKrajancic/boby/m/v2/src/command/json_sender.go:96.2,97.16 2 1
github.com/BKrajancic/boby/m/v2/src/command/json_sender.go:101.2,106.8 1 1
github.com/BKrajancic/boby/m/v2/src/command/json_sender.go:85.156,94.3 1 1
github.com/BKrajancic/boby/m/v2/src/command/json_sender.go:97.16,99.3 1 1
github.com/BKrajancic/boby/m/v2/src/command/json_sender.go:110.205,112.89 2 1
github.com/BKrajancic/boby/m/v2/src/command/json_sender.go:117.2,118.30 2 1
github.com/BKrajancic/boby/m/v2/src/command/json_sender.go:112.89,115.3 2 1
github.com/BKrajancic/boby/m/v2/src/command/json_sender.go:118.30,123.32 3 1
github.com/BKrajancic/boby/m/v2/src/command/json_sender.go:130.3,133.17 4 1
github.com/BKrajancic/boby/m/v2/src/command/json_sender.go:123.32,124.25 1 1
github.com/BKrajancic/boby/m/v2/src/command/json_sender.go:127.4,127.67 1 1
github.com/BKrajancic/boby/m/v2/src/command/json_sender.go:124.25,125.10 1 1
github.com/BKrajancic/boby/m/v2/src/command/json_sender.go:133.17,136.18 3 1
github.com/BKrajancic/boby/m/v2/src/command/json_sender.go:136.18,139.19 3 1
github.com/BKrajancic/boby/m/v2/src/command/json_sender.go:139.19,140.41 1 1
github.com/BKrajancic/boby/m/v2/src/command/json_sender.go:149.6,149.19 1 1
github.com/BKrajancic/boby/m/v2/src/command/json_sender.go:140.41,142.62 2 1
github.com/BKrajancic/boby/m/v2/src/command/json_sender.go:142.62,144.22 2 1
github.com/BKrajancic/boby/m/v2/src/command/json_sender.go:144.22,146.9 1 1
github.com/BKrajancic/boby/m/v2/src/command/json_sender.go:149.19,151.21 2 1
github.com/BKrajancic/boby/m/v2/src/command/json_sender.go:151.21,157.8 1 1
github.com/BKrajancic/boby/m/v2/src/command/json_sender.go:158.12,159.36 1 1
github.com/BKrajancic/boby/m/v2/src/command/json_sender.go:159.36,166.8 2 1
github.com/BKrajancic/boby/m/v2/src/command/regexp_scraper.go:33.79,35.16 2 1
github.com/BKrajancic/boby/m/v2/src/command/regexp_scraper.go:39.2,40.47 2 1
github.com/BKrajancic/boby/m/v2/src/command/regexp_scraper.go:35.16,37.3 1 1
github.com/BKrajancic/boby/m/v2/src/command/regexp_scraper.go:44.57,46.2 1 1
github.com/BKrajancic/boby/m/v2/src/command/regexp_scraper.go:49.92,53.156 3 1
github.com/BKrajancic/boby/m/v2/src/command/regexp_scraper.go:67.2,68.16 2 1
github.com/BKrajancic/boby/m/v2/src/command/regexp_scraper.go:72.2,77.8 1 1
github.com/BKrajancic/boby/m/v2/src/command/regexp_scraper.go:53.156,65.3 1 1
github.com/BKrajancic/boby/m/v2/src/command/regexp_scraper.go:68.16,70.3 1 1
github.com/BKrajancic/boby/m/v2/src/command/regexp_scraper.go:81.279,84.23 3 1
github.com/BKrajancic/boby/m/v2/src/command/regexp_scraper.go:94.2,95.16 2 1
github.com/BKrajancic/boby/m/v2/src/command/regexp_scraper.go:84.23,85.65 1 1
github.com/BKrajancic/boby/m/v2/src/command/regexp_scraper.go:89.3,89.34 1 1
github.com/BKrajancic/boby/m/v2/src/command/regexp_scraper.go:85.65,88.4 2 1
github.com/BKrajancic/boby/m/v2/src/command/regexp_scraper.go:89.34,91.4 1 1
github.com/BKrajancic/boby/m/v2/src/command/regexp_scraper.go:95.16,98.17 3 1
github.com/BKrajancic/boby/m/v2/src/command/regexp_scraper.go:98.17,105.22 4 1
github.com/BKrajancic/boby/m/v2/src/command/regexp_scraper.go:105.22,107.38 2 1
github.com/BKrajancic/boby/m/v2/src/command/regexp_scraper.go:111.5,114.43 3 1
github.com/BKrajancic/boby/m/v2/src/command/regexp_scraper.go:127.5,131.7 1 1
github.com/BKrajancic/boby/m/v2/src/command/regexp_scraper.go:107.38,109.6 1 1
github.com/BKrajancic/boby/m/v2/src/command/regexp_scraper.go:114.43,116.44 2 1
github.com/BKrajancic/boby/m/v2/src/command/regexp_scraper.go:124.6,124.57 1 1
github.com/BKrajancic/boby/m/v2/src/command/regexp_scraper.go:116.44,117.49 1 1
github.com/BKrajancic/boby/m/v2/src/command/regexp_scraper.go:117.49,118.31 1 1
github.com/BKrajancic/boby/m/v2/src/command/regexp_scraper.go:121.8,121.37 1 1
github.com/BKrajancic/boby/m/v2/src/command/regexp_scraper.go:118.31,120.9 1 1
github.com/BKrajancic/boby/m/v2/src/command/regexp_scraper.go:132.10,134.5 1 1
github.com/BKrajancic/boby/m/v2/src/command/regexp_scraper.go:135.9,137.4 1 1
github.com/BKrajancic/boby/m/v2/src/command/regexp_scraper.go:138.8,143.3 1 1
github.com/BKrajancic/boby/m/v2/src/command/set_prefix.go:14.156,15.18 1 1
github.com/BKrajancic/boby/m/v2/src/command/set_prefix.go:15.18,27.3 3 1
github.com/BKrajancic/boby/m/v2/src/command/check_admin.go:9.157,15.42 2 1
github.com/BKrajancic/boby/m/v2/src/command/check_admin.go:15.42,17.3 1 1
github.com/BKrajancic/boby/m/v2/src/command/check_admin.go:17.8,19.3 1 1
github.com/BKrajancic/boby/m/v2/src/command/goquery_scraper.go:47.79,50.27 3 1
github.com/BKrajancic/boby/m/v2/src/command/goquery_scraper.go:64.2,66.53 2 1
github.com/BKrajancic/boby/m/v2/src/command/goquery_scraper.go:98.2,98.14 1 1
github.com/BKrajancic/boby/m/v2/src/command/goquery_scraper.go:50.27,52.3 1 1
github.com/BKrajancic/boby/m/v2/src/command/goquery_scraper.go:52.8,53.40 1 1
github.com/BKrajancic/boby/m/v2/src/command/goquery_scraper.go:53.40,58.33 4 1
github.com/BKrajancic/boby/m/v2/src/command/goquery_scraper.go:58.33,60.5 1 1
github.com/BKrajancic/boby/m/v2/src/command/goquery_scraper.go:66.53,68.3 1 1
github.com/BKrajancic/boby/m/v2/src/command/goquery_scraper.go:68.8,68.26 1 1
github.com/BKrajancic/boby/m/v2/src/command/goquery_scraper.go:68.26,72.20 3 1
github.com/BKrajancic/boby/m/v2/src/command/goquery_scraper.go:81.3,82.40 2 1
github.com/BKrajancic/boby/m/v2/src/command/goquery_scraper.go:96.3,96.37 1 1
github.com/BKrajancic/boby/m/v2/src/command/goquery_scraper.go:72.20,73.36 1 1
github.com/BKrajancic/boby/m/v2/src/command/goquery_scraper.go:73.36,76.5 2 1
github.com/BKrajancic/boby/m/v2/src/command/goquery_scraper.go:76.10,76.41 1 1
github.com/BKrajancic/boby/m/v2/src/command/goquery_scraper.go:76.41,78.5 1 1
github.com/BKrajancic/boby/m/v2/src/command/goquery_scraper.go:82.40,85.31 3 1
github.com/BKrajancic/boby/m/v2/src/command/goquery_scraper.go:93.4,93.16 1 1
github.com/BKrajancic/boby/m/v2/src/command/goquery_scraper.go:85.31,86.52 1 1
github.com/BKrajancic/boby/m/v2/src/command/goquery_scraper.go:86.52,87.39 1 1
github.com/BKrajancic/boby/m/v2/src/command/goquery_scraper.go:87.39,89.12 2 1
github.com/BKrajancic/boby/m/v2/src/command/goquery_scraper.go:102.58,104.2 1 1
github.com/BKrajancic/boby/m/v2/src/command/goquery_scraper.go:107.93,108.156 1 1
github.com/BKrajancic/boby/m/v2/src/command/goquery_scraper.go:119.2,120.16 2 1
github.com/BKrajancic/boby/m/v2/src/command/goquery_scraper.go:124.2,129.8 1 1
github.com/BKrajancic/boby/m/v2/src/command/goquery_scraper.go:108.156,117.3 1 1
github.com/BKrajancic/boby/m/v2/src/command/goquery_scraper.go:120.16,122.3 1 1
github.com/BKrajancic/boby/m/v2/src/command/goquery_scraper.go:133.204,135.89 2 1
github.com/BKrajancic/boby/m/v2/src/command/goquery_scraper.go:140.2,141.30 2 1
github.com/BKrajancic/boby/m/v2/src/command/goquery_scraper.go:181.2,185.4 1 1
github.com/BKrajancic/boby/m/v2/src/command/goquery_scraper.go:135.89,138.3 2 1
github.com/BKrajancic/boby/m/v2/src/command/goquery_scraper.go:141.30,144.32 2 1
github.com/BKrajancic/boby/m/v2/src/command/goquery_scraper.go:148.3,149.17 2 1
github.com/BKrajancic/boby/m/v2/src/command/goquery_scraper.go:144.32,146.4 1 1
github.com/BKrajancic/boby/m/v2/src/command/goquery_scraper.go:149.17,152.18 3 1
github.com/BKrajancic/boby/m/v2/src/command/goquery_scraper.go:152.18,153.25 1 1
github.com/BKrajancic/boby/m/v2/src/command/goquery_scraper.go:153.25,159.6 1 1
github.com/BKrajancic/boby/m/v2/src/command/goquery_scraper.go:159.11,165.6 1 1
github.com/BKrajancic/boby/m/v2/src/command/goquery_scraper.go:166.10,171.5 1 1
github.com/BKrajancic/boby/m/v2/src/command/goquery_scraper.go:172.9,178.4 1 1
github.com/BKrajancic/boby/m/v2/src/command/goquery_scraper.go:190.81,192.16 2 1
github.com/BKrajancic/boby/m/v2/src/command/goquery_scraper.go:196.2,197.47 2 1
github.com/BKrajancic/boby/m/v2/src/command/goquery_scraper.go:192.16,194.3 1 1
github.com/BKrajancic/boby/m/v2/src/command/im_admin.go:9.154,10.18 1 1
github.com/BKrajancic/boby/m/v2/src/command/im_admin.go:10.18,12.3 1 1
github.com/BKrajancic/boby/m/v2/src/command/im_admin.go:12.8,14.3 1 1
github.com/BKrajancic/boby/m/v2/src/command/rate_limited.go:22.71,24.2 1 1
github.com/BKrajancic/boby/m/v2/src/command/rate_limited.go:27.75,30.36 3 1
github.com/BKrajancic/boby/m/v2/src/command/rate_limited.go:35.2,35.19 1 1
github.com/BKrajancic/boby/m/v2/src/command/rate_limited.go:30.36,31.25 1 1
github.com/BKrajancic/boby/m/v2/src/command/rate_limited.go:31.25,33.4 1 1
github.com/BKrajancic/boby/m/v2/src/command/rate_limited.go:39.74,42.37 3 1
github.com/BKrajancic/boby/m/v2/src/command/rate_limited.go:45.2,45.42 1 1
github.com/BKrajancic/boby/m/v2/src/command/rate_limited.go:46.2,46.78 1 1
github.com/BKrajancic/boby/m/v2/src/command/rate_limited.go:42.37,44.3 1 1
github.com/BKrajancic/boby/m/v2/src/command/rate_limited.go:45.42,45.76 1 1
github.com/BKrajancic/boby/m/v2/src/command/rate_limited.go:52.73,53.58 1 1
github.com/BKrajancic/boby/m/v2/src/command/rate_limited.go:57.2,57.156 1 1
github.com/BKrajancic/boby/m/v2/src/command/rate_limited.go:98.2,108.3 1 1
github.com/BKrajancic/boby/m/v2/src/command/rate_limited.go:53.58,55.3 1 1
github.com/BKrajancic/boby/m/v2/src/command/rate_limited.go:57.156,61.17 4 1
github.com/BKrajancic/boby/m/v2/src/command/rate_limited.go:69.3,69.34 1 1
github.com/BKrajancic/boby/m/v2/src/command/rate_limited.go:61.17,64.19 3 1
github.com/BKrajancic/boby/m/v2/src/command/rate_limited.go:64.19,65.54 1 1
github.com/BKrajancic/boby/m/v2/src/command/rate_limited.go:69.34,72.25 3 0
github.com/BKrajancic/boby/m/v2/src/command/rate_limited.go:84.4,91.5 1 0
github.com/BKrajancic/boby/m/v2/src/command/rate_limited.go:72.25,78.5 1 0
github.com/BKrajancic/boby/m/v2/src/command/rate_limited.go:78.10,78.29 1 0
github.com/BKrajancic/boby/m/v2/src/command/rate_limited.go:78.29,80.5 1 0
github.com/BKrajancic/boby/m/v2/src/command/rate_limited.go:80.10,82.5 1 0
github.com/BKrajancic/boby/m/v2/src/command/rate_limited.go:92.9,95.4 2 1
github.com/BKrajancic/boby/m/v2/src/command/set_admin.go:9.155,10.18 1 1
github.com/BKrajancic/boby/m/v2/src/command/set_admin.go:10.18,18.3 3 1
github.com/BKrajancic/boby/m/v2/src/command/unset_admin.go:9.157,10.18 1 1
github.com/BKrajancic/boby/m/v2/src/command/unset_admin.go:10.18,18.3 3 1
github.com/BKrajancic/boby/m/v2/src/service/demoservice/demo_service.go:17.59,19.2 1 1
github.com/BKrajancic/boby/m/v2/src/service/demoservice/demo_service.go:22.35,24.2 1 1
github.com/BKrajancic/boby/m/v2/src/service/demoservice/demo_service.go:27.104,31.2 3 1
github.com/BKrajancic/boby/m/v2/src/service/demoservice/demo_service.go:34.29,35.39 1 1
github.com/BKrajancic/boby/m/v2/src/service/demoservice/demo_service.go:43.2,45.35 3 1
github.com/BKrajancic/boby/m/v2/src/service/demoservice/demo_service.go:35.39,39.39 4 1
github.com/BKrajancic/boby/m/v2/src/service/demoservice/demo_service.go:39.39,41.4 1 1
github.com/BKrajancic/boby/m/v2/src/service/demoservice/demo_sender.go:20.93,25.2 4 1
github.com/BKrajancic/boby/m/v2/src/service/demoservice/demo_sender.go:28.37,32.2 3 1
github.com/BKrajancic/boby/m/v2/src/service/demoservice/demo_sender.go:35.96,43.2 7 1
github.com/BKrajancic/boby/m/v2/src/service/demoservice/demo_sender.go:46.34,48.2 1 1
github.com/BKrajancic/boby/m/v2/src/storage/gob_storage.go:20.73,22.44 2 1
github.com/BKrajancic/boby/m/v2/src/storage/gob_storage.go:26.2,30.20 4 1
github.com/BKrajancic/boby/m/v2/src/storage/gob_storage.go:22.44,24.3 1 1
github.com/BKrajancic/boby/m/v2/src/storage/gob_storage.go:34.53,36.2 1 0
github.com/BKrajancic/boby/m/v2/src/storage/gob_storage.go:39.41,43.38 3 1
github.com/BKrajancic/boby/m/v2/src/storage/gob_storage.go:47.2,47.45 1 1
github.com/BKrajancic/boby/m/v2/src/storage/gob_storage.go:51.2,51.58 1 1
github.com/BKrajancic/boby/m/v2/src/storage/gob_storage.go:55.2,55.58 1 1
github.com/BKrajancic/boby/m/v2/src/storage/gob_storage.go:59.2,59.24 1 1
github.com/BKrajancic/boby/m/v2/src/storage/gob_storage.go:43.38,45.3 1 0
github.com/BKrajancic/boby/m/v2/src/storage/gob_storage.go:47.45,49.3 1 1
github.com/BKrajancic/boby/m/v2/src/storage/gob_storage.go:51.58,53.3 1 1
github.com/BKrajancic/boby/m/v2/src/storage/gob_storage.go:55.58,57.3 1 1
github.com/BKrajancic/boby/m/v2/src/storage/gob_storage.go:64.90,68.2 3 1
github.com/BKrajancic/boby/m/v2/src/storage/gob_storage.go:71.88,76.2 4 1
github.com/BKrajancic/boby/m/v2/src/storage/gob_storage.go:80.87,84.2 3 1
github.com/BKrajancic/boby/m/v2/src/storage/gob_storage.go:87.83,92.2 4 1
github.com/BKrajancic/boby/m/v2/src/storage/gob_storage.go:95.71,99.2 3 1
github.com/BKrajancic/boby/m/v2/src/storage/gob_storage.go:102.67,107.2 4 1
github.com/BKrajancic/boby/m/v2/src/storage/gob_storage.go:110.69,115.2 4 1
github.com/BKrajancic/boby/m/v2/src/storage/temp_storage.go:20.35,22.2 1 1
github.com/BKrajancic/boby/m/v2/src/storage/temp_storage.go:26.99,31.66 4 1
github.com/BKrajancic/boby/m/v2/src/storage/temp_storage.go:39.2,39.8 1 1
github.com/BKrajancic/boby/m/v2/src/storage/temp_storage.go:31.66,32.52 1 1
github.com/BKrajancic/boby/m/v2/src/storage/temp_storage.go:32.52,34.10 2 1
github.com/BKrajancic/boby/m/v2/src/storage/temp_storage.go:34.10,36.5 1 1
github.com/BKrajancic/boby/m/v2/src/storage/temp_storage.go:43.87,47.26 3 1
github.com/BKrajancic/boby/m/v2/src/storage/temp_storage.go:51.2,51.43 1 1
github.com/BKrajancic/boby/m/v2/src/storage/temp_storage.go:55.2,55.58 1 1
github.com/BKrajancic/boby/m/v2/src/storage/temp_storage.go:59.2,59.58 1 1
github.com/BKrajancic/boby/m/v2/src/storage/temp_storage.go:47.26,49.3 1 1
github.com/BKrajancic/boby/m/v2/src/storage/temp_storage.go:51.43,53.3 1 1
github.com/BKrajancic/boby/m/v2/src/storage/temp_storage.go:55.58,57.3 1 1
github.com/BKrajancic/boby/m/v2/src/storage/temp_storage.go:64.96,69.56 4 1
github.com/BKrajancic/boby/m/v2/src/storage/temp_storage.go:77.2,77.8 1 1
github.com/BKrajancic/boby/m/v2/src/storage/temp_storage.go:69.56,70.47 1 1
github.com/BKrajancic/boby/m/v2/src/storage/temp_storage.go:70.47,72.10 2 1
github.com/BKrajancic/boby/m/v2/src/storage/temp_storage.go:72.10,74.5 1 1
github.com/BKrajancic/boby/m/v2/src/storage/temp_storage.go:81.84,85.25 3 1
github.com/BKrajancic/boby/m/v2/src/storage/temp_storage.go:89.2,89.41 1 1
github.com/BKrajancic/boby/m/v2/src/storage/temp_storage.go:93.2,93.52 1 1
github.com/BKrajancic/boby/m/v2/src/storage/temp_storage.go:97.2,97.52 1 1
github.com/BKrajancic/boby/m/v2/src/storage/temp_storage.go:85.25,87.3 1 1
github.com/BKrajancic/boby/m/v2/src/storage/temp_storage.go:89.41,91.3 1 1
github.com/BKrajancic/boby/m/v2/src/storage/temp_storage.go:93.52,95.3 1 1
github.com/BKrajancic/boby/m/v2/src/storage/temp_storage.go:101.68,102.62 1 1
github.com/BKrajancic/boby/m/v2/src/storage/temp_storage.go:111.2,111.14 1 1
github.com/BKrajancic/boby/m/v2/src/storage/temp_storage.go:102.62,103.39 1 1
github.com/BKrajancic/boby/m/v2/src/storage/temp_storage.go:103.39,104.35 1 1
github.com/BKrajancic/boby/m/v2/src/storage/temp_storage.go:104.35,105.22 1 1
github.com/BKrajancic/boby/m/v2/src/storage/temp_storage.go:105.22,107.6 1 1
github.com/BKrajancic/boby/m/v2/src/storage/temp_storage.go:115.64,116.62 1 1
github.com/BKrajancic/boby/m/v2/src/storage/temp_storage.go:116.62,118.9 2 1
github.com/BKrajancic/boby/m/v2/src/storage/temp_storage.go:118.9,120.4 1 1
github.com/BKrajancic/boby/m/v2/src/storage/temp_storage.go:120.9,121.13 1 1
github.com/BKrajancic/boby/m/v2/src/storage/temp_storage.go:123.8,125.3 1 1
github.com/BKrajancic/boby/m/v2/src/storage/temp_storage.go:129.66,131.62 2 1
github.com/BKrajancic/boby/m/v2/src/storage/temp_storage.go:142.2,142.45 1 1
github.com/BKrajancic/boby/m/v2/src/storage/temp_storage.go:131.62,133.18 2 1
github.com/BKrajancic/boby/m/v2/src/storage/temp_storage.go:136.3,136.41 1 1
github.com/BKrajancic/boby/m/v2/src/storage/temp_storage.go:133.18,134.13 1 1
github.com/BKrajancic/boby/m/v2/src/storage/temp_storage.go:136.41,137.21 1 1
github.com/BKrajancic/boby/m/v2/src/storage/temp_storage.go:137.21,139.5 1 1
